[debug] [2019-02-10T01:13:26.317Z] ----------------------------------------------------------------------
[debug] [2019-02-10T01:13:26.319Z] Command:       /usr/local/bin/node /home/node/.npm-global/bin/firebase deploy
[debug] [2019-02-10T01:13:26.319Z] CLI Version:   4.2.1
[debug] [2019-02-10T01:13:26.319Z] Platform:      linux
[debug] [2019-02-10T01:13:26.319Z] Node Version:  v8.12.0
[debug] [2019-02-10T01:13:26.319Z] Time:          Sun Feb 10 2019 01:13:26 GMT+0000 (UTC)
[debug] [2019-02-10T01:13:26.319Z] ----------------------------------------------------------------------
[debug] 
[debug] [2019-02-10T01:13:26.328Z] > command requires scopes: ["email","openid","https://www.googleapis.com/auth/cloudplatformprojects.readonly","https://www.googleapis.com/auth/firebase","https://www.googleapis.com/auth/cloud-platform"]
[debug] [2019-02-10T01:13:26.328Z] > authorizing via signed-in user
[debug] [2019-02-10T01:13:26.330Z] >>> HTTP REQUEST GET https://admin.firebase.com/v1/projects/torre-495e1  
 
[debug] [2019-02-10T01:13:27.354Z] <<< HTTP RESPONSE 200
[info] 
[info] === Deploying to 'torre-495e1'...
[info] 
[info] i  deploying functions, hosting
[debug] [2019-02-10T01:13:29.335Z] > [functions] package.json contents: {
  "name": "functions",
  "description": "Cloud Functions for Firebase",
  "scripts": {
    "serve": "firebase serve -p 9005 -o 0.0.0.0 --only functions,hosting",
    "shell": "firebase functions:shell",
    "start": "npm run shell",
    "deploy": "firebase deploy --only functions",
    "logs": "firebase functions:log"
  },
  "dependencies": {
    "body-parser": "^1.18.3",
    "consolidate": "^0.15.1",
    "express": "^4.16.4",
    "firebase-admin": "~6.0.0",
    "firebase-functions": "^2.2.0",
    "handlebars": "^4.1.0",
    "request": "^2.88.0",
    "request-promise": "^4.2.2"
  },
  "private": true
}
[info] i  functions: ensuring necessary APIs are enabled...
[debug] [2019-02-10T01:13:29.338Z] >>> HTTP REQUEST GET https://servicemanagement.googleapis.com/v1/services/cloudfunctions.googleapis.com/projectSettings/torre-495e1?view=CONSUMER_VIEW  
 
[debug] [2019-02-10T01:13:29.339Z] >>> HTTP REQUEST GET https://servicemanagement.googleapis.com/v1/services/runtimeconfig.googleapis.com/projectSettings/torre-495e1?view=CONSUMER_VIEW  
 
[debug] [2019-02-10T01:13:30.409Z] <<< HTTP RESPONSE 200
[info] ✔  functions: all necessary APIs are enabled
[debug] [2019-02-10T01:13:31.065Z] <<< HTTP RESPONSE 200
[debug] [2019-02-10T01:13:31.066Z] >>> HTTP REQUEST GET https://cloudresourcemanager.googleapis.com/v1/projects/torre-495e1  
 
[debug] [2019-02-10T01:13:32.130Z] <<< HTTP RESPONSE 200
[debug] [2019-02-10T01:13:32.130Z] >>> HTTP REQUEST GET https://mobilesdk-pa.googleapis.com/v1/projects/553775036050:getServerAppConfig  
 
[debug] [2019-02-10T01:13:33.433Z] <<< HTTP RESPONSE 200
[debug] [2019-02-10T01:13:33.438Z] >>> HTTP REQUEST POST https://firebasehosting.googleapis.com/v1beta1/sites/torre-495e1/versions  

[debug] [2019-02-10T01:13:35.104Z] <<< HTTP RESPONSE 200
[info] i  functions: preparing functions directory for uploading...
[debug] [2019-02-10T01:13:35.110Z] >>> HTTP REQUEST GET https://runtimeconfig.googleapis.com/v1beta1/projects/torre-495e1/configs  
 
[debug] [2019-02-10T01:13:35.567Z] <<< HTTP RESPONSE 200
[info] i  functions: packaged functions (47.76 KB) for uploading
[debug] [2019-02-10T01:13:35.987Z] >>> HTTP REQUEST POST https://cloudfunctions.googleapis.com/v1/projects/torre-495e1/locations/us-central1/functions:generateUploadUrl  
 
[debug] [2019-02-10T01:13:36.542Z] <<< HTTP RESPONSE 200
[debug] [2019-02-10T01:13:36.544Z] >>> HTTP REQUEST PUT https://storage.googleapis.com/gcf-upload-us-central1-97d59a99-cc9a-46ff-a34d-c1fa84d526c4/3e89308b-9bc9-4c12-bd52-fa2402ee3ea9.zip?GoogleAccessId=service-553775036050@gcf-admin-robot.iam.gserviceaccount.com&Expires=1549763016&Signature=BGbosXdfUC2XfEp%2Fo1M%2FOFnJRrJS8YoQkqhYfJvtu0cf11sHPUen5hjhiD7PMyd%2FOJj7EdK0g%2FfeF4NFdzvDzzja6czwlsbjCb6ZXP4ebe9p249tkHZ5U8YGvWGGHKYgYSccX3bjxU0%2FGWkcSnC%2FZdxceUDZmTtbuWGCU5Emqb9bsKP5i1ZQaLOg52maJV3KOtb3NT07GO90f5Xm06eAWGojV4tS7OPuv5wRTHDkmm8XfMnhEPrqX4bmN28kh7uEWq9aTl%2FJOuo1JI3X7JUk%2BN%2B2jLlIylNZSfmqz9h%2F%2FdMqKWaQJkB%2BuuIcbhPXCFhReol3%2FNfh9%2FkiR5bq9gcLSA%3D%3D  

[debug] [2019-02-10T01:13:37.271Z] <<< HTTP RESPONSE 200
[info] ✔  functions: functions folder uploaded successfully
[info] i  hosting[torre-495e1]: beginning deploy...
[info] i  hosting[torre-495e1]: found 35 files in public
[debug] [2019-02-10T01:13:37.308Z] [hosting] hash cache [cHVibGlj] stored for 35 files
[debug] [2019-02-10T01:13:37.309Z] [hosting][hash queue][FINAL]
[debug] [2019-02-10T01:13:37.309Z] >>> HTTP REQUEST POST https://firebasehosting.googleapis.com/v1beta1/sites/torre-495e1/versions/c203f95310526c18:populateFiles  
 <request body omitted>
[debug] [2019-02-10T01:13:38.845Z] <<< HTTP RESPONSE 200
[debug] [2019-02-10T01:13:38.846Z] [hosting][populate queue][FINAL]
[debug] [2019-02-10T01:13:38.847Z] [hosting] uploads queued: 0
[debug] [2019-02-10T01:13:38.847Z] [hosting][upload queue][FINAL]
[info] ✔  hosting[torre-495e1]: file upload complete
[debug] [2019-02-10T01:13:38.848Z] [hosting] deploy completed after 1574ms
[debug] [2019-02-10T01:13:38.852Z] >>> HTTP REQUEST GET https://cloudfunctions.googleapis.com/v1/projects/torre-495e1/locations/-/functions  
 
[debug] [2019-02-10T01:13:40.282Z] <<< HTTP RESPONSE 200
[info] i  functions: updating Node.js 6 function app(us-central1)...
[debug] [2019-02-10T01:13:40.288Z] Trigger is:  {"httpsTrigger":{}}
[debug] [2019-02-10T01:13:40.290Z] >>> HTTP REQUEST PATCH https://cloudfunctions.googleapis.com/v1/projects/torre-495e1/locations/us-central1/functions/app 
query params: {"updateMask":"sourceUploadUrl,name,labels,httpsTrigger"} 

