[debug] [2019-02-09T22:48:38.115Z] ----------------------------------------------------------------------
[debug] [2019-02-09T22:48:38.117Z] Command:       /usr/local/bin/node /home/node/.npm-global/bin/firebase serve -p 9005 -o 0.0.0.0 --only functions,hosting
[debug] [2019-02-09T22:48:38.118Z] CLI Version:   4.2.1
[debug] [2019-02-09T22:48:38.118Z] Platform:      linux
[debug] [2019-02-09T22:48:38.118Z] Node Version:  v8.12.0
[debug] [2019-02-09T22:48:38.118Z] Time:          Sat Feb 09 2019 22:48:38 GMT+0000 (UTC)
[debug] [2019-02-09T22:48:38.118Z] ----------------------------------------------------------------------
[debug] 
[debug] [2019-02-09T22:48:38.128Z] > command requires scopes: ["email","openid","https://www.googleapis.com/auth/cloudplatformprojects.readonly","https://www.googleapis.com/auth/firebase","https://www.googleapis.com/auth/cloud-platform"]
[debug] [2019-02-09T22:48:38.129Z] > authorizing via signed-in user
[debug] [2019-02-09T22:48:38.131Z] >>> HTTP REQUEST GET https://admin.firebase.com/v1/projects/torre-495e1  
 
[debug] [2019-02-09T22:48:39.135Z] <<< HTTP RESPONSE 200
[debug] [2019-02-09T22:48:39.136Z] >>> HTTP REQUEST GET https://cloudresourcemanager.googleapis.com/v1/projects/torre-495e1  
 
[debug] [2019-02-09T22:48:40.211Z] <<< HTTP RESPONSE 200
[info] 
[info] === Serving from '/usr/src/app'...
[info] 
[info] i  functions: Preparing to emulate functions.
[debug] [2019-02-09T22:48:41.172Z] Fetching environment
[debug] [2019-02-09T22:48:41.174Z] >>> HTTP REQUEST GET https://mobilesdk-pa.googleapis.com/v1/projects/553775036050:getServerAppConfig  
 
[debug] [2019-02-09T22:48:41.175Z] >>> HTTP REQUEST GET https://mobilesdk-pa.googleapis.com/v1/projects/553775036050/clients/_:getWebAppConfig  
 
[debug] [2019-02-09T22:48:41.712Z] <<< HTTP RESPONSE 200
[info] i  hosting[torre-495e1]: Serving hosting files from: public
[info] ✔  hosting[torre-495e1]: Local server: http://0.0.0.0:9005
[debug] [2019-02-09T22:48:41.733Z] <<< HTTP RESPONSE 200
[debug] [2019-02-09T22:48:41.734Z] Starting @google-cloud/functions-emulator
[debug] [2019-02-09T22:48:43.890Z] Parsing function triggers
[info] ✔  functions: app: http://0.0.0.0:9006/torre-495e1/us-central1/app
